03/30/2018 02:17:24 PM, INFO - START LOGGING
03/30/2018 02:17:24 PM, DEBUG - Restart I2C
04/09/2018 12:01:38 PM, DEBUG - LCD Write Error
04/09/2018 12:02:05 PM, DEBUG - LCD Write Error
04/09/2018 12:02:31 PM, DEBUG - LCD Write Error
04/09/2018 12:02:58 PM, DEBUG - LCD Write Error
04/09/2018 12:03:24 PM, DEBUG - LCD Write Error
04/09/2018 12:03:50 PM, DEBUG - LCD Write Error
04/09/2018 12:04:17 PM, DEBUG - LCD Write Error
04/09/2018 12:04:43 PM, DEBUG - LCD Write Error
04/09/2018 12:05:10 PM, DEBUG - LCD Write Error
04/09/2018 12:05:37 PM, DEBUG - LCD Write Error
04/09/2018 12:06:04 PM, DEBUG - LCD Write Error
04/09/2018 12:06:55 PM, DEBUG - LCD Write Error
04/09/2018 12:07:22 PM, DEBUG - LCD Write Error
04/09/2018 12:07:48 PM, DEBUG - LCD Write Error
04/09/2018 12:08:15 PM, DEBUG - LCD Write Error
04/09/2018 12:08:42 PM, DEBUG - LCD Write Error
04/09/2018 12:09:08 PM, DEBUG - LCD Write Error
04/09/2018 12:09:35 PM, DEBUG - LCD Write Error
04/09/2018 12:10:01 PM, DEBUG - LCD Write Error
04/09/2018 12:10:28 PM, DEBUG - LCD Write Error
04/09/2018 12:10:54 PM, DEBUG - LCD Write Error
04/09/2018 12:11:21 PM, DEBUG - LCD Write Error
04/09/2018 12:12:13 PM, DEBUG - LCD Write Error
04/09/2018 12:12:40 PM, DEBUG - LCD Write Error
04/09/2018 12:13:06 PM, DEBUG - LCD Write Error
04/09/2018 12:13:33 PM, DEBUG - LCD Write Error
04/09/2018 12:13:59 PM, DEBUG - LCD Write Error
04/09/2018 12:14:26 PM, DEBUG - LCD Write Error
04/09/2018 12:14:52 PM, DEBUG - LCD Write Error
04/09/2018 12:15:19 PM, DEBUG - LCD Write Error
04/09/2018 12:15:45 PM, DEBUG - LCD Write Error
04/09/2018 12:16:12 PM, DEBUG - LCD Write Error
04/09/2018 12:17:03 PM, DEBUG - LCD Write Error
04/09/2018 12:17:30 PM, DEBUG - LCD Write Error
04/09/2018 12:17:56 PM, DEBUG - LCD Write Error
04/09/2018 12:18:23 PM, DEBUG - LCD Write Error
04/09/2018 12:18:49 PM, DEBUG - LCD Write Error
04/09/2018 12:19:16 PM, DEBUG - LCD Write Error
04/09/2018 12:19:42 PM, DEBUG - LCD Write Error
04/09/2018 12:20:09 PM, DEBUG - LCD Write Error
04/09/2018 12:20:35 PM, DEBUG - LCD Write Error
04/09/2018 12:21:02 PM, DEBUG - LCD Write Error
04/09/2018 12:21:28 PM, DEBUG - LCD Write Error
04/09/2018 12:22:21 PM, DEBUG - LCD Write Error
04/09/2018 12:22:47 PM, DEBUG - LCD Write Error
04/09/2018 12:23:13 PM, DEBUG - LCD Write Error
04/09/2018 12:23:40 PM, DEBUG - LCD Write Error
04/09/2018 12:24:06 PM, DEBUG - LCD Write Error
04/09/2018 12:24:33 PM, DEBUG - LCD Write Error
04/09/2018 12:24:59 PM, DEBUG - LCD Write Error
04/09/2018 12:25:26 PM, DEBUG - LCD Write Error
04/09/2018 12:25:52 PM, DEBUG - LCD Write Error
04/09/2018 12:26:19 PM, DEBUG - LCD Write Error
04/09/2018 12:27:12 PM, DEBUG - LCD Write Error
04/09/2018 12:27:38 PM, DEBUG - LCD Write Error
04/09/2018 12:28:05 PM, DEBUG - LCD Write Error
04/09/2018 12:28:31 PM, DEBUG - LCD Write Error
04/09/2018 12:28:58 PM, DEBUG - LCD Write Error
04/09/2018 12:29:24 PM, DEBUG - LCD Write Error
04/09/2018 12:29:47 PM, DEBUG - LCD Write Error
04/09/2018 12:30:10 PM, DEBUG - LCD Write Error
04/09/2018 12:30:32 PM, DEBUG - LCD Write Error
04/09/2018 12:30:55 PM, DEBUG - LCD Write Error
04/09/2018 12:31:18 PM, DEBUG - LCD Write Error
04/09/2018 12:31:41 PM, DEBUG - LCD Write Error
04/09/2018 12:32:26 PM, DEBUG - LCD Write Error
04/09/2018 12:32:50 PM, DEBUG - LCD Write Error
04/09/2018 12:33:14 PM, DEBUG - LCD Write Error
04/09/2018 12:33:37 PM, DEBUG - LCD Write Error
04/09/2018 12:33:59 PM, DEBUG - LCD Write Error
04/09/2018 12:34:22 PM, DEBUG - LCD Write Error
04/09/2018 12:34:45 PM, DEBUG - LCD Write Error
04/09/2018 12:35:08 PM, DEBUG - LCD Write Error
04/09/2018 12:35:30 PM, DEBUG - LCD Write Error
04/09/2018 12:35:53 PM, DEBUG - LCD Write Error
04/09/2018 12:36:16 PM, DEBUG - LCD Write Error
04/09/2018 12:36:39 PM, DEBUG - LCD Write Error
04/09/2018 12:37:16 PM, DEBUG - LCD Write Error
04/09/2018 12:37:40 PM, DEBUG - LCD Write Error
04/09/2018 12:38:03 PM, DEBUG - LCD Write Error
04/09/2018 12:38:26 PM, DEBUG - LCD Write Error
04/09/2018 12:38:49 PM, DEBUG - LCD Write Error
04/09/2018 12:39:11 PM, DEBUG - LCD Write Error
04/09/2018 12:39:34 PM, DEBUG - LCD Write Error
04/09/2018 12:39:57 PM, DEBUG - LCD Write Error
04/09/2018 12:40:20 PM, DEBUG - LCD Write Error
04/09/2018 12:40:42 PM, DEBUG - LCD Write Error
04/09/2018 12:41:05 PM, DEBUG - LCD Write Error
04/09/2018 12:41:28 PM, DEBUG - LCD Write Error
04/09/2018 12:41:51 PM, DEBUG - LCD Write Error
04/09/2018 12:42:36 PM, DEBUG - LCD Write Error
04/09/2018 12:43:00 PM, DEBUG - LCD Write Error
04/09/2018 12:43:23 PM, DEBUG - LCD Write Error
04/09/2018 12:43:46 PM, DEBUG - LCD Write Error
04/09/2018 12:44:09 PM, DEBUG - LCD Write Error
04/09/2018 12:44:31 PM, DEBUG - LCD Write Error
04/09/2018 12:44:54 PM, DEBUG - LCD Write Error
04/09/2018 12:45:17 PM, DEBUG - LCD Write Error
04/09/2018 12:45:40 PM, DEBUG - LCD Write Error
04/09/2018 12:46:02 PM, DEBUG - LCD Write Error
04/09/2018 12:46:25 PM, DEBUG - LCD Write Error
04/09/2018 12:46:48 PM, DEBUG - LCD Write Error
04/09/2018 12:47:27 PM, DEBUG - LCD Write Error
04/09/2018 12:47:50 PM, DEBUG - LCD Write Error
04/09/2018 12:48:13 PM, DEBUG - LCD Write Error
04/09/2018 12:48:36 PM, DEBUG - LCD Write Error
04/09/2018 12:48:59 PM, DEBUG - LCD Write Error
04/09/2018 12:49:22 PM, DEBUG - LCD Write Error
04/09/2018 12:49:44 PM, DEBUG - LCD Write Error
04/09/2018 12:50:07 PM, DEBUG - LCD Write Error
04/09/2018 12:50:30 PM, DEBUG - LCD Write Error
04/09/2018 12:50:53 PM, DEBUG - LCD Write Error
04/09/2018 12:51:16 PM, DEBUG - LCD Write Error
04/09/2018 12:51:40 PM, DEBUG - LCD Write Error
04/09/2018 12:52:03 PM, DEBUG - LCD Write Error
04/09/2018 12:52:48 PM, DEBUG - LCD Write Error
04/09/2018 12:53:10 PM, DEBUG - LCD Write Error
04/09/2018 12:53:35 PM, DEBUG - LCD Write Error
04/09/2018 12:53:57 PM, DEBUG - LCD Write Error
04/09/2018 12:54:20 PM, DEBUG - LCD Write Error
04/09/2018 12:54:43 PM, DEBUG - LCD Write Error
04/09/2018 12:55:06 PM, DEBUG - LCD Write Error
04/09/2018 12:55:29 PM, DEBUG - LCD Write Error
04/09/2018 12:55:52 PM, DEBUG - LCD Write Error
04/09/2018 12:56:14 PM, DEBUG - LCD Write Error
04/09/2018 12:56:37 PM, DEBUG - LCD Write Error
04/09/2018 12:57:00 PM, DEBUG - LCD Write Error
04/09/2018 12:57:38 PM, DEBUG - LCD Write Error
04/09/2018 12:58:01 PM, DEBUG - LCD Write Error
04/09/2018 12:58:23 PM, DEBUG - LCD Write Error
04/09/2018 12:58:46 PM, DEBUG - LCD Write Error
04/09/2018 12:59:09 PM, DEBUG - LCD Write Error
04/09/2018 12:59:32 PM, DEBUG - LCD Write Error
04/09/2018 12:59:54 PM, DEBUG - LCD Write Error
04/09/2018 01:00:17 PM, DEBUG - LCD Write Error
04/09/2018 01:00:40 PM, DEBUG - LCD Write Error
04/09/2018 01:01:03 PM, DEBUG - LCD Write Error
04/09/2018 01:01:26 PM, DEBUG - LCD Write Error
04/09/2018 01:01:49 PM, DEBUG - LCD Write Error
04/09/2018 01:02:12 PM, DEBUG - LCD Write Error
04/09/2018 01:02:58 PM, DEBUG - LCD Write Error
04/09/2018 01:03:20 PM, DEBUG - LCD Write Error
04/09/2018 01:03:43 PM, DEBUG - LCD Write Error
04/09/2018 01:04:06 PM, DEBUG - LCD Write Error
04/09/2018 01:04:29 PM, DEBUG - LCD Write Error
04/09/2018 01:04:52 PM, DEBUG - LCD Write Error
04/09/2018 01:05:15 PM, DEBUG - LCD Write Error
04/09/2018 01:05:38 PM, DEBUG - LCD Write Error
04/09/2018 01:06:00 PM, DEBUG - LCD Write Error
04/09/2018 01:06:23 PM, DEBUG - LCD Write Error
04/09/2018 01:06:46 PM, DEBUG - LCD Write Error
04/09/2018 01:07:09 PM, DEBUG - LCD Write Error
04/09/2018 01:07:47 PM, DEBUG - LCD Write Error
04/09/2018 01:08:10 PM, DEBUG - LCD Write Error
04/09/2018 01:08:32 PM, DEBUG - LCD Write Error
04/09/2018 01:08:55 PM, DEBUG - LCD Write Error
04/09/2018 01:09:18 PM, DEBUG - LCD Write Error
04/09/2018 01:09:41 PM, DEBUG - LCD Write Error
04/09/2018 01:10:04 PM, DEBUG - LCD Write Error
04/09/2018 01:10:27 PM, DEBUG - LCD Write Error
04/09/2018 01:10:50 PM, DEBUG - LCD Write Error
04/09/2018 01:11:13 PM, DEBUG - LCD Write Error
04/09/2018 01:11:35 PM, DEBUG - LCD Write Error
04/09/2018 01:11:58 PM, DEBUG - LCD Write Error
04/09/2018 01:12:21 PM, DEBUG - LCD Write Error
04/09/2018 01:13:07 PM, DEBUG - LCD Write Error
04/09/2018 01:13:29 PM, DEBUG - LCD Write Error
04/09/2018 01:13:52 PM, DEBUG - LCD Write Error
04/09/2018 01:14:15 PM, DEBUG - LCD Write Error
04/09/2018 01:14:38 PM, DEBUG - LCD Write Error
04/09/2018 01:15:01 PM, DEBUG - LCD Write Error
04/09/2018 01:15:24 PM, DEBUG - LCD Write Error
04/09/2018 01:15:47 PM, DEBUG - LCD Write Error
04/09/2018 01:16:09 PM, DEBUG - LCD Write Error
04/09/2018 01:16:32 PM, DEBUG - LCD Write Error
04/09/2018 01:16:55 PM, DEBUG - LCD Write Error
04/09/2018 01:17:18 PM, DEBUG - LCD Write Error
04/09/2018 01:17:57 PM, DEBUG - LCD Write Error
04/09/2018 01:18:20 PM, DEBUG - LCD Write Error
04/09/2018 01:18:43 PM, DEBUG - LCD Write Error
04/09/2018 01:19:05 PM, DEBUG - LCD Write Error
04/09/2018 01:19:28 PM, DEBUG - LCD Write Error
04/09/2018 01:19:51 PM, DEBUG - LCD Write Error
04/09/2018 01:20:14 PM, DEBUG - LCD Write Error
04/09/2018 01:20:36 PM, DEBUG - LCD Write Error
04/09/2018 01:20:59 PM, DEBUG - LCD Write Error
04/09/2018 01:21:22 PM, DEBUG - LCD Write Error
04/09/2018 01:21:45 PM, DEBUG - LCD Write Error
04/09/2018 01:22:08 PM, DEBUG - LCD Write Error
04/09/2018 01:22:31 PM, DEBUG - LCD Write Error
04/09/2018 01:23:16 PM, DEBUG - LCD Write Error
04/09/2018 01:23:38 PM, DEBUG - LCD Write Error
04/09/2018 01:24:01 PM, DEBUG - LCD Write Error
04/09/2018 01:24:24 PM, DEBUG - LCD Write Error
04/09/2018 01:24:47 PM, DEBUG - LCD Write Error
04/09/2018 01:25:09 PM, DEBUG - LCD Write Error
04/09/2018 01:25:32 PM, DEBUG - LCD Write Error
04/09/2018 01:25:55 PM, DEBUG - LCD Write Error
04/09/2018 01:26:17 PM, DEBUG - LCD Write Error
04/09/2018 01:26:40 PM, DEBUG - LCD Write Error
04/09/2018 01:27:03 PM, DEBUG - LCD Write Error
04/09/2018 01:27:26 PM, DEBUG - LCD Write Error
04/09/2018 01:28:07 PM, DEBUG - LCD Write Error
04/09/2018 01:28:29 PM, DEBUG - LCD Write Error
04/09/2018 01:28:52 PM, DEBUG - LCD Write Error
04/09/2018 01:29:15 PM, DEBUG - LCD Write Error
04/09/2018 01:29:38 PM, DEBUG - LCD Write Error
04/09/2018 01:30:00 PM, DEBUG - LCD Write Error
04/09/2018 01:30:24 PM, DEBUG - LCD Write Error
04/09/2018 01:30:47 PM, DEBUG - LCD Write Error
04/09/2018 01:30:57 PM, DEBUG - Restart I2C
04/09/2018 01:31:45 PM, DEBUG - LCD Write Error
04/09/2018 01:32:12 PM, DEBUG - LCD Write Error
04/09/2018 01:32:38 PM, DEBUG - LCD Write Error
04/09/2018 01:33:31 PM, DEBUG - LCD Write Error
04/09/2018 01:33:58 PM, DEBUG - LCD Write Error
04/09/2018 01:34:24 PM, DEBUG - LCD Write Error
04/09/2018 01:34:52 PM, DEBUG - LCD Write Error
04/09/2018 01:35:19 PM, DEBUG - LCD Write Error
04/09/2018 01:35:45 PM, DEBUG - LCD Write Error
04/09/2018 01:36:12 PM, DEBUG - LCD Write Error
04/09/2018 01:36:40 PM, DEBUG - LCD Write Error
04/09/2018 01:37:06 PM, DEBUG - LCD Write Error
04/09/2018 01:37:33 PM, DEBUG - LCD Write Error
04/09/2018 01:38:22 PM, DEBUG - LCD Write Error
04/09/2018 01:38:49 PM, DEBUG - LCD Write Error
04/09/2018 01:39:16 PM, DEBUG - LCD Write Error
04/09/2018 01:39:43 PM, DEBUG - LCD Write Error
04/09/2018 01:40:09 PM, DEBUG - LCD Write Error
04/09/2018 01:40:36 PM, DEBUG - LCD Write Error
04/09/2018 01:41:02 PM, DEBUG - LCD Write Error
04/09/2018 01:41:29 PM, DEBUG - LCD Write Error
04/09/2018 01:41:55 PM, DEBUG - LCD Write Error
04/09/2018 01:42:22 PM, DEBUG - LCD Write Error
04/09/2018 01:42:48 PM, DEBUG - LCD Write Error
04/09/2018 01:43:39 PM, DEBUG - LCD Write Error
04/09/2018 01:44:02 PM, DEBUG - LCD Write Error
04/09/2018 01:44:25 PM, DEBUG - LCD Write Error
04/09/2018 01:44:48 PM, DEBUG - LCD Write Error
04/09/2018 01:45:11 PM, DEBUG - LCD Write Error
04/09/2018 01:45:34 PM, DEBUG - LCD Write Error
04/09/2018 01:45:56 PM, DEBUG - LCD Write Error
04/09/2018 01:46:19 PM, DEBUG - LCD Write Error
04/09/2018 01:46:42 PM, DEBUG - LCD Write Error
04/09/2018 01:47:05 PM, DEBUG - LCD Write Error
04/09/2018 01:47:28 PM, DEBUG - LCD Write Error
04/09/2018 01:47:51 PM, DEBUG - LCD Write Error
04/09/2018 01:48:36 PM, DEBUG - LCD Write Error
04/09/2018 01:48:59 PM, DEBUG - LCD Write Error
04/09/2018 01:49:22 PM, DEBUG - LCD Write Error
04/09/2018 01:49:44 PM, DEBUG - LCD Write Error
04/09/2018 01:50:07 PM, DEBUG - LCD Write Error
04/09/2018 01:50:30 PM, DEBUG - LCD Write Error
04/09/2018 01:50:53 PM, DEBUG - LCD Write Error
04/09/2018 01:51:16 PM, DEBUG - LCD Write Error
04/09/2018 01:51:39 PM, DEBUG - LCD Write Error
04/09/2018 01:52:02 PM, DEBUG - LCD Write Error
04/09/2018 01:52:25 PM, DEBUG - LCD Write Error
04/09/2018 01:52:47 PM, DEBUG - LCD Write Error
04/09/2018 01:53:26 PM, DEBUG - LCD Write Error
04/09/2018 01:53:49 PM, DEBUG - LCD Write Error
04/09/2018 01:54:12 PM, DEBUG - LCD Write Error
04/09/2018 01:54:35 PM, DEBUG - LCD Write Error
04/09/2018 01:54:58 PM, DEBUG - LCD Write Error
04/09/2018 01:55:21 PM, DEBUG - LCD Write Error
04/09/2018 01:55:43 PM, DEBUG - LCD Write Error
04/09/2018 01:56:06 PM, DEBUG - LCD Write Error
04/09/2018 01:56:29 PM, DEBUG - LCD Write Error
04/09/2018 01:56:52 PM, DEBUG - LCD Write Error
04/09/2018 01:57:14 PM, DEBUG - LCD Write Error
04/09/2018 01:57:37 PM, DEBUG - LCD Write Error
04/09/2018 01:58:00 PM, DEBUG - LCD Write Error
04/09/2018 01:58:45 PM, DEBUG - LCD Write Error
04/09/2018 01:59:09 PM, DEBUG - LCD Write Error
04/09/2018 01:59:31 PM, DEBUG - LCD Write Error
04/09/2018 01:59:54 PM, DEBUG - LCD Write Error
04/09/2018 02:00:17 PM, DEBUG - LCD Write Error
04/09/2018 02:00:40 PM, DEBUG - LCD Write Error
04/09/2018 02:01:04 PM, DEBUG - LCD Write Error
04/09/2018 02:01:27 PM, DEBUG - LCD Write Error
04/09/2018 02:01:50 PM, DEBUG - LCD Write Error
04/09/2018 02:02:13 PM, DEBUG - LCD Write Error
04/09/2018 02:02:38 PM, DEBUG - LCD Write Error
04/09/2018 02:03:02 PM, DEBUG - LCD Write Error
04/09/2018 02:03:50 PM, DEBUG - LCD Write Error
04/09/2018 02:04:14 PM, DEBUG - LCD Write Error
04/09/2018 02:04:17 PM, DEBUG - lcdTest.py:writeText, Error Writing LCD Text
04/09/2018 02:04:17 PM, DEBUG - lcdTest.py:writeText2, Error Writing LCD Text2
04/09/2018 02:04:19 PM, DEBUG - lcdTest.py:initLCD, Error Initializing LCD
04/09/2018 02:04:19 PM, DEBUG - lcdTest.py:writeText, Error Writing LCD Text
04/09/2018 02:04:21 PM, DEBUG - lcdTest.py:writeText, Error Writing LCD Text
